<?xml version="1.0" encoding="UTF-8" ?>
<testsuite errors="0" failures="1" hostname="Nick-Desktop" name="FindLastTest" skipped="0" tests="1" time="0.036" timestamp="2016-02-18T09:30:34">
  <properties>
[...]
</properties>
  <testcase classname="FindLastTest" name="testFindLast" time="0.005">
    <failure message="FindLast does not return the correct value of index 0" type="junit.framework.AssertionFailedError">junit.framework.AssertionFailedError: FindLast does not return the correct value of index 0
	at FindLastTest.testFindLast(Unknown Source)
</failure>
  </testcase>
  <system-out><![CDATA[]]></system-out>
  <system-err><![CDATA[]]></system-err>
</testsuite>
